device62 [2015-9-14 22:20:0   ] 83600.000000 0.000000  
device56 [2015-9-14 22:20:0   ] 0.000000   0.000000  
device35 [2015-9-14 22:20:0   ] 11600.000000 0.000000  
device85 [2015-9-14 22:20:0   ] 5000.000000 0.000000  
device62 [2015-9-14 22:30:0   ] 83699.996948 99.998474 
device56 [2015-9-14 22:30:4   ] 0.000000   0.000000  
device35 [2015-9-14 22:30:4   ] 11699.999809 99.999428 
device85 [2015-9-14 22:30:5   ] 5099.999905 99.999905 
device62 [2015-9-14 22:40:0   ] 83699.996948 99.998474 
device56 [2015-9-14 22:40:0   ] 0.000000   0.000000

[device_ID],[time],[current_data],[upload_data]



device35 [2015-9-14 22:40:1   ] 11800.000191 199.999809
device85 [2015-9-14 22:40:1   ] 5099.999905 99.999905 
device62 [2015-9-14 22:50:2   ] 83699.996948 99.998474 
device56 [2015-9-14 22:50:2   ] 0.000000   0.000000  
device35 [2015-9-14 22:50:3   ] 11899.999619 299.999237
device85 [2015-9-14 22:50:6   ] 5199.999809 199.999809
device62 [2015-9-14 22:59:59  ] 83699.996948 99.998474 
device62 [2015-9-14 23:00:00  ] 83699.996948 0.000000  
device56 [2015-9-14 22:59:59  ] 0.000000   0.000000  
device56 [2015-9-14 23:00:00  ] 0.000000   0.000000  
device35 [2015-9-14 22:59:59  ] 11899.999619 299.999237
device35 [2015-9-14 23:00:00  ] 11899.999619 0.000000  
device85 [2015-9-14 22:59:59  ] 5199.999809 199.999809
device85 [2015-9-14 23:00:00  ] 5199.999809 0.000000  
device56 [2015-9-14 23:10:6   ] 0.000000   0.000000  
device35 [2015-9-14 23:10:6   ] 11899.999619 0.000000  
device85 [2015-9-14 23:10:7   ] 5300.000191 100.000381
device62 [2015-9-14 23:20:0   ] 83800.003052 100.006104
device56 [2015-9-14 23:20:0   ] 0.000000   0.000000  
device35 [2015-9-14 23:20:1   ] 11899.999619 0.000000  
device85 [2015-9-14 23:20:1   ] 5300.000191 100.000381
device62 [2015-9-14 23:30:0   ] 83800.003052 100.006104
device56 [2015-9-14 23:30:0   ] 0.000000   0.000000  
device35 [2015-9-14 23:30:1   ] 11899.999619 0.000000  
device85 [2015-9-14 23:30:1   ] 5400.000095 200.000286
device62 [2015-9-14 23:40:0   ] 83800.003052 100.006104
device56 [2015-9-14 23:40:0   ] 0.000000   0.000000  
device35 [2015-9-14 23:40:0   ] 11899.999619 0.000000  
device85 [2015-9-14 23:40:1   ] 5400.000095 200.000286
device62 [2015-9-14 23:50:0   ] 83900.001526 200.004578
device56 [2015-9-14 23:50:0   ] 0.000000   0.000000  
device35 [2015-9-14 23:50:0   ] 11899.999619 0.000000  
device85 [2015-9-14 23:50:1   ] 5400.000095 200.000286
device62 [2015-9-15 -1:59:59  ] 83900.001526 200.004578
device62 [2015-9-15 0:00:00   ] 83900.001526 0.000000  
device56 [2015-9-15 -1:59:59  ] 0.000000   0.000000  
device56 [2015-9-15 0:00:00   ] 0.000000   0.000000  
device35 [2015-9-15 -1:59:59  ] 11899.999619 0.000000  
device35 [2015-9-15 0:00:00   ] 11899.999619 0.000000  
device85 [2015-9-15 -1:59:59  ] 5500.000000 300.000191
device85 [2015-9-15 0:00:00   ] 5500.000000 0.000000  
device62 [2015-9-15 -1:59:59  ] 83900.001526 0.000000  
device62 [2015-9-15 0:00:00   ] 83900.001526 0.000000  
device56 [2015-9-15 0:10:1    ] 0.000000   0.000000  
device35 [2015-9-15 0:10:1    ] 11899.999619 0.000000  
device85 [2015-9-15 0:10:2    ] 5500.000000 0.000000  
device62 [2015-9-15 0:19:59   ] 83900.001526 0.000000  
device56 [2015-9-15 0:20:0    ] 0.000000   0.000000  
device35 [2015-9-15 0:20:1    ] 11899.999619 0.000000  
device85 [2015-9-15 0:20:2    ] 5599.999905 99.999905 
device62 [2015-9-15 0:29:59   ] 84000.000000 99.998474 
device56 [2015-9-15 0:30:0    ] 0.000000   0.000000  
device35 [2015-9-15 0:30:1    ] 11899.999619 0.000000  
device85 [2015-9-15 0:30:2    ] 5599.999905 99.999905 
device56 [2015-9-15 0:40:7    ] 0.000000   0.000000  
device35 [2015-9-15 0:40:7    ] 11899.999619 0.000000  
device85 [2015-9-15 0:40:9    ] 5699.999809 199.999809
device62 [2015-9-15 0:49:59   ] 84000.000000 99.998474 
device56 [2015-9-15 0:50:0    ] 0.000000   0.000000  
device35 [2015-9-15 0:50:1    ] 11899.999619 0.000000  
device85 [2015-9-15 0:50:2    ] 5699.999809 199.999809
device35 [2015-9-15 0:59:59   ] 11899.999619 0.000000  
device35 [2015-9-15 1:00:00   ] 11899.999619 0.000000  
device85 [2015-9-15 0:59:59   ] 5800.000191 300.000191
device85 [2015-9-15 1:00:00   ] 5800.000191 0.000000  
device62 [2015-9-15 0:59:59   ] 84099.998474 199.996948
device62 [2015-9-15 1:00:00   ] 84099.998474 0.000000  
device56 [2015-9-15 1:10:0    ] 0.000000   0.000000  
device35 [2015-9-15 1:10:1    ] 11899.999619 0.000000  
device85 [2015-9-15 1:10:2    ] 5800.000191 0.000000  
device62 [2015-9-15 1:20:1    ] 84099.998474 0.000000  
device56 [2015-9-15 1:20:2    ] 0.000000   0.000000  
device35 [2015-9-15 1:20:2    ] 11899.999619 0.000000  
device85 [2015-9-15 1:20:3    ] 5800.000191 0.000000  
device62 [2015-9-15 1:30:3    ] 84099.998474 0.000000  
device56 [2015-9-15 1:30:4    ] 0.000000   0.000000  
device35 [2015-9-15 1:30:5    ] 11899.999619 0.000000  
device85 [2015-9-15 1:30:5    ] 5900.000095 99.999905 
device62 [2015-9-15 1:39:59   ] 84099.998474 0.000000  
device56 [2015-9-15 1:40:0    ] 0.000000   0.000000  
device35 [2015-9-15 1:40:0    ] 11899.999619 0.000000  
device85 [2015-9-15 1:40:1    ] 5900.000095 99.999905 
device56 [2015-9-15 1:50:6    ] 0.000000   0.000000  
device35 [2015-9-15 1:50:7    ] 11899.999619 0.000000  
device85 [2015-9-15 1:50:8    ] 6000.000000 199.999809
device62 [2015-9-15 1:59:59   ] 84199.996948 99.998474 
device56 [2015-9-15 1:59:59   ] 0.000000   0.000000  
device35 [2015-9-15 1:59:59   ] 11899.999619 0.000000  
device35 [2015-9-15 2:00:00   ] 11899.999619 0.000000  
device85 [2015-9-15 1:59:59   ] 6000.000000 199.999809
device85 [2015-9-15 2:00:00   ] 6000.000000 0.000000  
device62 [2015-9-15 1:59:59   ] 84199.996948 99.998474 
device62 [2015-9-15 2:00:00   ] 84199.996948 0.000000  
device56 [2015-9-15 2:10:0    ] 0.000000   0.000000  
device35 [2015-9-15 2:10:1    ] 11899.999619 0.000000  
device85 [2015-9-15 2:10:1    ] 6099.999905 99.999905 
device62 [2015-9-15 2:20:1    ] 84199.996948 0.000000  
device56 [2015-9-15 2:20:1    ] 0.000000   0.000000  
device35 [2015-9-15 2:20:2    ] 11899.999619 0.000000  
device85 [2015-9-15 2:20:3    ] 6099.999905 99.999905 
device56 [2015-9-15 2:30:2    ] 0.000000   0.000000  
device35 [2015-9-15 2:30:3    ] 11899.999619 0.000000  
device85 [2015-9-15 2:30:3    ] 6199.999809 199.999809
device62 [2015-9-15 2:40:1    ] 84300.003052 100.006104
device56 [2015-9-15 2:40:2    ] 0.000000   0.000000  
device35 [2015-9-15 2:40:3    ] 11899.999619 0.000000  
device85 [2015-9-15 2:40:3    ] 6199.999809 199.999809
device62 [2015-9-15 2:50:1    ] 84300.003052 100.006104
device56 [2015-9-15 2:50:2    ] 0.000000   0.000000  
device35 [2015-9-15 2:50:2    ] 11899.999619 0.000000  
device85 [2015-9-15 2:50:3    ] 6199.999809 199.999809
device62 [2015-9-15 2:59:58   ] 84300.003052 100.006104
device56 [2015-9-15 2:59:59   ] 0.000000   0.000000  
device35 [2015-9-15 2:59:59   ] 11899.999619 0.000000  
device35 [2015-9-15 3:00:00   ] 11899.999619 0.000000  
device85 [2015-9-15 2:59:59   ] 6300.000191 300.000191
device85 [2015-9-15 3:00:00   ] 6300.000191 0.000000  
device62 [2015-9-15 2:59:59   ] 84400.001526 200.004578
device62 [2015-9-15 3:00:00   ] 84400.001526 0.000000  
device56 [2015-9-15 2:59:59   ] 0.000000   0.000000  
device56 [2015-9-15 3:00:00   ] 0.000000   0.000000  
device35 [2015-9-15 3:10:1    ] 11899.999619 0.000000  
device85 [2015-9-15 3:10:1    ] 6300.000191 0.000000  
device56 [2015-9-15 3:20:7    ] 0.000000   0.000000  
device35 [2015-9-15 3:20:8    ] 11899.999619 0.000000  
device85 [2015-9-15 3:20:9    ] 6400.000095 99.999905 
device56 [2015-9-15 3:30:5    ] 0.000000   0.000000  
device35 [2015-9-15 3:30:6    ] 11899.999619 0.000000  
device85 [2015-9-15 3:30:7    ] 6400.000095 99.999905 
device62 [2015-9-15 3:39:58   ] 84400.001526 0.000000  
device56 [2015-9-15 3:39:59   ] 0.000000   0.000000  
device35 [2015-9-15 3:39:59   ] 11899.999619 0.000000  
device85 [2015-9-15 3:40:0    ] 6500.000000 199.999809
device62 [2015-9-15 3:49:58   ] 84500.000000 99.998474 
device56 [2015-9-15 3:49:59   ] 0.000000   0.000000  
device35 [2015-9-15 3:49:59   ] 11899.999619 0.000000  
device85 [2015-9-15 3:50:0    ] 6500.000000 199.999809
device62 [2015-9-15 3:59:59   ] 84500.000000 99.998474 
device62 [2015-9-15 4:00:00   ] 84500.000000 0.000000  
device56 [2015-9-15 3:59:59   ] 0.000000   0.000000  
device56 [2015-9-15 4:00:00   ] 0.000000   0.000000  
device35 [2015-9-15 3:59:59   ] 11899.999619 0.000000  
device35 [2015-9-15 4:00:00   ] 11899.999619 0.000000  
device85 [2015-9-15 3:59:59   ] 6599.999905 299.999714
device85 [2015-9-15 4:00:00   ] 6599.999905 0.000000  
device56 [2015-9-15 4:10:3    ] 0.000000   0.000000  
device35 [2015-9-15 4:10:3    ] 11899.999619 0.000000  
device85 [2015-9-15 4:10:4    ] 6599.999905 0.000000  
device62 [2015-9-15 4:19:58   ] 84500.000000 0.000000  
device56 [2015-9-15 4:19:58   ] 0.000000   0.000000  
device35 [2015-9-15 4:19:59   ] 11899.999619 0.000000  
device85 [2015-9-15 4:20:0    ] 6699.999809 99.999905 
device56 [2015-9-15 4:30:3    ] 0.000000   0.000000  
device35 [2015-9-15 4:30:4    ] 11899.999619 0.000000  
device85 [2015-9-15 4:30:5    ] 6699.999809 99.999905 
device56 [2015-9-15 4:40:3    ] 0.000000   0.000000  
device35 [2015-9-15 4:40:3    ] 11899.999619 0.000000  
device85 [2015-9-15 4:40:4    ] 6699.999809 99.999905 
device62 [2015-9-15 4:49:57   ] 84599.998474 99.998474 
device56 [2015-9-15 4:49:58   ] 0.000000   0.000000  
device35 [2015-9-15 4:49:59   ] 11899.999619 0.000000  
device85 [2015-9-15 4:50:0    ] 6800.000191 200.000286
device62 [2015-9-15 4:59:57   ] 84599.998474 99.998474 
device56 [2015-9-15 4:59:58   ] 0.000000   0.000000  
device35 [2015-9-15 4:59:59   ] 11899.999619 0.000000  
device85 [2015-9-15 4:59:59   ] 6800.000191 200.000286
device85 [2015-9-15 5:00:00   ] 6800.000191 0.000000  
device62 [2015-9-15 4:59:59   ] 84699.996948 199.996948
device62 [2015-9-15 5:00:00   ] 84699.996948 0.000000  
device56 [2015-9-15 4:59:59   ] 0.000000   0.000000  
device56 [2015-9-15 5:00:00   ] 0.000000   0.000000  
device35 [2015-9-15 5:10:0    ] 11899.999619 0.000000  
device85 [2015-9-15 5:10:0    ] 6900.000095 99.999905 
device62 [2015-9-15 5:19:57   ] 84699.996948 0.000000  
device56 [2015-9-15 5:19:58   ] 0.000000   0.000000  
device35 [2015-9-15 5:19:59   ] 11899.999619 0.000000  
device85 [2015-9-15 5:19:59   ] 6900.000095 99.999905 
device56 [2015-9-15 5:30:0    ] 0.000000   0.000000  
device35 [2015-9-15 5:30:1    ] 11899.999619 0.000000  
device85 [2015-9-15 5:30:2    ] 7000.000000 199.999809
device62 [2015-9-15 5:40:0    ] 84699.996948 0.000000  
device56 [2015-9-15 5:40:1    ] 0.000000   0.000000  
device35 [2015-9-15 5:40:2    ] 11899.999619 0.000000  
device85 [2015-9-15 5:40:2    ] 7000.000000 199.999809
device62 [2015-9-15 5:49:57   ] 84800.003052 100.006104
device56 [2015-9-15 5:49:58   ] 0.000000   0.000000  
device35 [2015-9-15 5:49:58   ] 11899.999619 0.000000  
device85 [2015-9-15 5:49:59   ] 7099.999905 299.999714
device62 [2015-9-15 5:59:59   ] 84800.003052 100.006104
device62 [2015-9-15 6:00:00   ] 84800.003052 0.000000  
device56 [2015-9-15 5:59:59   ] 0.000000   0.000000  
device56 [2015-9-15 6:00:00   ] 0.000000   0.000000  
device35 [2015-9-15 5:59:59   ] 11899.999619 0.000000  
device35 [2015-9-15 6:00:00   ] 11899.999619 0.000000  
device85 [2015-9-15 5:59:59   ] 7099.999905 299.999714
device85 [2015-9-15 6:00:00   ] 7099.999905 0.000000  
device62 [2015-9-15 5:59:59   ] 84800.003052 0.000000  
device62 [2015-9-15 6:00:00   ] 84800.003052 0.000000  
device56 [2015-9-15 5:59:59   ] 0.000000   0.000000  
device56 [2015-9-15 6:00:00   ] 0.000000   0.000000  
device35 [2015-9-15 5:59:59   ] 11899.999619 0.000000  
device35 [2015-9-15 6:00:00   ] 11899.999619 0.000000  
device85 [2015-9-15 6:10:1    ] 7099.999905 0.000000  
device56 [2015-9-15 6:20:0    ] 0.000000   0.000000  
device35 [2015-9-15 6:20:1    ] 11899.999619 0.000000  
device85 [2015-9-15 6:20:2    ] 7199.999809 99.999905 
device56 [2015-9-15 6:30:0    ] 0.000000   0.000000  
device35 [2015-9-15 6:30:1    ] 11899.999619 0.000000  
device85 [2015-9-15 6:30:2    ] 7199.999809 99.999905 
device62 [2015-9-15 6:39:57   ] 84900.001526 99.998474 
device56 [2015-9-15 6:39:58   ] 0.000000   0.000000  
device35 [2015-9-15 6:39:58   ] 11899.999619 0.000000  
device85 [2015-9-15 6:39:59   ] 7300.000191 200.000286
device62 [2015-9-15 6:49:58   ] 84900.001526 99.998474 
device56 [2015-9-15 6:49:59   ] 0.000000   0.000000  
device35 [2015-9-15 6:50:0    ] 11899.999619 0.000000  
device85 [2015-9-15 6:50:1    ] 7300.000191 200.000286
device62 [2015-9-15 6:59:56   ] 84900.001526 99.998474 
device56 [2015-9-15 6:59:57   ] 0.000000   0.000000  
device35 [2015-9-15 6:59:58   ] 11899.999619 0.000000  
device85 [2015-9-15 6:59:59   ] 7400.000095 300.000191
device62 [2015-9-15 6:59:59   ] 85000.000000 199.996948
device62 [2015-9-15 7:00:00   ] 85000.000000 0.000000  
device56 [2015-9-15 6:59:59   ] 0.000000   0.000000  
device56 [2015-9-15 7:00:00   ] 0.000000   0.000000  
device35 [2015-9-15 6:59:59   ] 11899.999619 0.000000  
device35 [2015-9-15 7:00:00   ] 11899.999619 0.000000  
device85 [2015-9-15 7:10:0    ] 7400.000095 300.000191
device62 [2015-9-15 7:19:58   ] 85000.000000 0.000000  
device56 [2015-9-15 7:19:59   ] 0.000000   0.000000  
device35 [2015-9-15 7:20:0    ] 11899.999619 0.000000  
device85 [2015-9-15 7:20:1    ] 7400.000095 300.000191
device62 [2015-9-15 7:30:2    ] 85000.000000 0.000000  
device56 [2015-9-15 7:30:3    ] 0.000000   0.000000  
device35 [2015-9-15 7:30:4    ] 11899.999619 0.000000  
device85 [2015-9-15 7:30:5    ] 7500.000000 400.000095
device62 [2015-9-15 7:39:58   ] 85000.000000 0.000000  
device56 [2015-9-15 7:39:59   ] 0.000000   0.000000  
device35 [2015-9-15 7:40:3    ] 11899.999619 0.000000  
device85 [2015-9-15 7:40:3    ] 7500.000000 400.000095
device62 [2015-9-15 7:49:57   ] 85000.000000 0.000000  
device56 [2015-9-15 7:49:58   ] 0.000000   0.000000  
device35 [2015-9-15 7:50:2    ] 12000.000000 100.000381
device85 [2015-9-15 7:50:3    ] 7599.999905 500.000000
device62 [2015-9-15 7:59:56   ] 85000.000000 0.000000  
device56 [2015-9-15 7:59:57   ] 0.000000   0.000000  
device35 [2015-9-15 7:59:57   ] 12000.000000 100.000381
device85 [2015-9-15 7:59:58   ] 7599.999905 500.000000
device62 [2015-9-15 7:59:59   ] 85000.000000 0.000000  
device62 [2015-9-15 8:00:00   ] 85000.000000 0.000000  
device56 [2015-9-15 7:59:59   ] 0.000000   0.000000  
device56 [2015-9-15 8:00:00   ] 0.000000   0.000000  
device35 [2015-9-15 7:59:59   ] 12000.000000 100.000381
device35 [2015-9-15 8:00:00   ] 12000.000000 0.000000  
device85 [2015-9-15 8:10:0    ] 7599.999905 500.000000
device62 [2015-9-15 8:19:56   ] 85000.000000 0.000000  
device56 [2015-9-15 8:19:57   ] 0.000000   0.000000  
device35 [2015-9-15 8:19:57   ] 12000.000000 0.000000  
device85 [2015-9-15 8:19:58   ] 7599.999905 500.000000
device56 [2015-9-15 8:30:1    ] 0.000000   0.000000  
device35 [2015-9-15 8:30:2    ] 12000.000000 0.000000  
device85 [2015-9-15 8:30:3    ] 7599.999905 500.000000
device56 [2015-9-15 8:40:1    ] 0.000000   0.000000  
device35 [2015-9-15 8:40:2    ] 12000.000000 0.000000  
device85 [2015-9-15 8:40:3    ] 7599.999905 500.000000
device56 [2015-9-15 8:49:59   ] 0.000000   0.000000  
device35 [2015-9-15 8:50:0    ] 12000.000000 0.000000  
device85 [2015-9-15 8:50:1    ] 7599.999905 500.000000
device62 [2015-9-15 8:59:57   ] 85000.000000 0.000000  
device56 [2015-9-15 8:59:58   ] 0.000000   0.000000  
device35 [2015-9-15 8:59:59   ] 12000.000000 0.000000  
device85 [2015-9-15 8:59:59   ] 7599.999905 500.000000
device85 [2015-9-15 9:00:00   ] 7599.999905 0.000000  
device62 [2015-9-15 8:59:59   ] 85099.998474 99.998474 
device62 [2015-9-15 9:00:00   ] 85099.998474 0.000000  
device56 [2015-9-15 8:59:59   ] 0.000000   0.000000  
device56 [2015-9-15 9:00:00   ] 0.000000   0.000000  
device35 [2015-9-15 8:59:59   ] 12000.000000 0.000000  
device35 [2015-9-15 9:00:00   ] 12000.000000 0.000000  
device85 [2015-9-15 9:10:0    ] 7599.999905 0.000000  
device35 [2015-9-15 9:20:7    ] 12000.000000 0.000000  
device85 [2015-9-15 9:20:7    ] 7599.999905 0.000000  
device56 [2015-9-15 9:29:58   ] 0.000000   0.000000  
device35 [2015-9-15 9:29:59   ] 12000.000000 0.000000  
device85 [2015-9-15 9:29:59   ] 7599.999905 0.000000  
device56 [2015-9-15 9:40:0    ] 0.000000   0.000000  
device35 [2015-9-15 9:40:1    ] 12000.000000 0.000000  
device85 [2015-9-15 9:40:2    ] 7599.999905 0.000000  
device56 [2015-9-15 9:50:0    ] 0.000000   0.000000  
device35 [2015-9-15 9:50:1    ] 12000.000000 0.000000  
device85 [2015-9-15 9:50:2    ] 7699.999809 99.999905 
device62 [2015-9-15 9:59:55   ] 85199.996948 99.998474 
device56 [2015-9-15 9:59:56   ] 0.000000   0.000000  
device35 [2015-9-15 9:59:57   ] 12100.000381 100.000381
device85 [2015-9-15 9:59:58   ] 7699.999809 99.999905 
device62 [2015-9-15 9:59:59   ] 85199.996948 99.998474 
device62 [2015-9-15 10:00:00  ] 85199.996948 0.000000  
device56 [2015-9-15 9:59:59   ] 0.000000   0.000000  
device56 [2015-9-15 10:00:00  ] 0.000000   0.000000  
device35 [2015-9-15 9:59:59   ] 12100.000381 100.000381
device35 [2015-9-15 10:00:00  ] 12100.000381 0.000000  
device85 [2015-9-15 10:10:1   ] 7800.000191 200.000286
device62 [2015-9-15 10:19:55  ] 85199.996948 0.000000  
device56 [2015-9-15 10:19:56  ] 0.000000   0.000000  
device35 [2015-9-15 10:19:57  ] 12100.000381 0.000000  
device85 [2015-9-15 10:19:58  ] 7800.000191 200.000286
device62 [2015-9-15 10:29:55  ] 85199.996948 0.000000  
device56 [2015-9-15 10:29:56  ] 0.000000   0.000000  
device35 [2015-9-15 10:29:57  ] 12199.999809 99.999428 
device85 [2015-9-15 10:29:58  ] 7900.000095 300.000191
device62 [2015-9-15 10:39:55  ] 85300.003052 100.006104
device56 [2015-9-15 10:39:59  ] 0.000000   0.000000  
device35 [2015-9-15 10:40:0   ] 12199.999809 99.999428 
device85 [2015-9-15 10:40:1   ] 7900.000095 300.000191
device62 [2015-9-15 10:49:55  ] 85300.003052 100.006104
device56 [2015-9-15 10:49:55  ] 0.000000   0.000000  
device35 [2015-9-15 10:49:56  ] 12300.000191 199.999809
device85 [2015-9-15 10:49:57  ] 7900.000095 300.000191
device62 [2015-9-15 10:59:55  ] 85300.003052 100.006104
device56 [2015-9-15 10:59:55  ] 0.000000   0.000000  
device35 [2015-9-15 10:59:56  ] 12300.000191 199.999809
device85 [2015-9-15 10:59:57  ] 8000.000000 400.000095
device62 [2015-9-15 10:59:59  ] 85300.003052 100.006104
device62 [2015-9-15 11:00:00  ] 85300.003052 0.000000  
device56 [2015-9-15 11:10:0   ] 0.000000   0.000000  
device35 [2015-9-15 11:10:2   ] 12300.000191 199.999809
device85 [2015-9-15 11:10:3   ] 8000.000000 400.000095
device62 [2015-9-15 11:19:54  ] 85400.001526 99.998474 
device56 [2015-9-15 11:19:55  ] 0.000000   0.000000  
device35 [2015-9-15 11:19:57  ] 12399.999619 299.999237
device85 [2015-9-15 11:19:58  ] 8100.000381 500.000477
device62 [2015-9-15 11:29:54  ] 85400.001526 99.998474 
device56 [2015-9-15 11:29:55  ] 0.000000   0.000000  
device35 [2015-9-15 11:29:56  ] 12399.999619 299.999237
device85 [2015-9-15 11:29:57  ] 8100.000381 500.000477
device62 [2015-9-15 11:39:53  ] 85400.001526 99.998474 
device56 [2015-9-15 11:39:54  ] 0.000000   0.000000  
device35 [2015-9-15 11:39:56  ] 12399.999619 299.999237
device85 [2015-9-15 11:39:57  ] 8199.999809 599.999905
device62 [2015-9-15 11:49:54  ] 85400.001526 99.998474 
device56 [2015-9-15 11:49:55  ] 0.000000   0.000000  
device35 [2015-9-15 11:49:56  ] 12399.999619 299.999237
device85 [2015-9-15 11:49:57  ] 8199.999809 599.999905
device62 [2015-9-15 11:59:54  ] 85500.000000 199.996948
device56 [2015-9-15 11:59:55  ] 0.000000   0.000000  
device35 [2015-9-15 11:59:56  ] 12399.999619 299.999237
device85 [2015-9-15 11:59:56  ] 8199.999809 599.999905
device62 [2015-9-15 11:59:59  ] 85500.000000 199.996948
device62 [2015-9-15 12:00:00  ] 85500.000000 0.000000  
device56 [2015-9-15 11:59:59  ] 0.000000   0.000000  
device56 [2015-9-15 12:00:00  ] 0.000000   0.000000  
device35 [2015-9-15 11:59:59  ] 12399.999619 299.999237
device35 [2015-9-15 12:00:00  ] 12399.999619 0.000000  
device85 [2015-9-15 11:59:59  ] 8300.000191 700.000286
device85 [2015-9-15 12:00:00  ] 8300.000191 0.000000  
device56 [2015-9-15 12:19:57  ] 100.000001 100.000001
device35 [2015-9-15 12:19:58  ] 12399.999619 0.000000  
device85 [2015-9-15 12:19:59  ] 8300.000191 0.000000  
device62 [2015-9-15 12:29:54  ] 85500.000000 0.000000  
device56 [2015-9-15 12:29:55  ] 100.000001 100.000001
device35 [2015-9-15 12:29:56  ] 12399.999619 0.000000  
device85 [2015-9-15 12:29:57  ] 8399.999619 99.999428 
device62 [2015-9-15 12:39:54  ] 85599.998474 99.998474 
device56 [2015-9-15 12:39:56  ] 100.000001 100.000001
device35 [2015-9-15 12:39:59  ] 12399.999619 0.000000  
device85 [2015-9-15 12:40:0   ] 8399.999619 99.999428 
device62 [2015-9-15 12:49:54  ] 85599.998474 99.998474 
device56 [2015-9-15 12:49:55  ] 100.000001 100.000001
device35 [2015-9-15 12:49:55  ] 12399.999619 0.000000  
device85 [2015-9-15 12:49:56  ] 8500.000000 199.999809
device62 [2015-9-15 12:59:54  ] 85599.998474 99.998474 
device56 [2015-9-15 12:59:54  ] 100.000001 100.000001
device35 [2015-9-15 12:59:55  ] 12399.999619 0.000000  
device85 [2015-9-15 12:59:56  ] 8500.000000 199.999809
device62 [2015-9-15 12:59:59  ] 85599.998474 99.998474 
device62 [2015-9-15 13:00:00  ] 85599.998474 0.000000  
device56 [2015-9-15 12:59:59  ] 100.000001 100.000001
device56 [2015-9-15 13:00:00  ] 100.000001 0.000000  
device35 [2015-9-15 12:59:59  ] 12399.999619 0.000000  
device35 [2015-9-15 13:00:00  ] 12399.999619 0.000000  
device85 [2015-9-15 12:59:59  ] 8500.000000 199.999809
device85 [2015-9-15 13:00:00  ] 8500.000000 0.000000  
device62 [2015-9-15 13:19:54  ] 85599.998474 0.000000  
device56 [2015-9-15 13:19:54  ] 100.000001 0.000000  
device35 [2015-9-15 13:19:55  ] 12399.999619 0.000000  
device85 [2015-9-15 13:19:56  ] 8600.000381 100.000381
device62 [2015-9-15 13:29:54  ] 85599.998474 0.000000  
device56 [2015-9-15 13:29:54  ] 100.000001 0.000000  
device35 [2015-9-15 13:29:55  ] 12399.999619 0.000000  
device85 [2015-9-15 13:29:56  ] 8600.000381 100.000381
device62 [2015-9-15 13:39:53  ] 85599.998474 0.000000  
device56 [2015-9-15 13:39:54  ] 100.000001 0.000000  
device35 [2015-9-15 13:39:55  ] 12399.999619 0.000000  
device85 [2015-9-15 13:39:56  ] 8699.999809 199.999809
device62 [2015-9-15 13:49:53  ] 85599.998474 0.000000  
device56 [2015-9-15 13:49:54  ] 100.000001 0.000000  
device35 [2015-9-15 13:49:55  ] 12399.999619 0.000000  
device85 [2015-9-15 13:49:56  ] 8699.999809 199.999809
device62 [2015-9-15 13:59:53  ] 85699.996948 99.998474 
device56 [2015-9-15 13:59:54  ] 100.000001 0.000000  
device35 [2015-9-15 13:59:55  ] 12399.999619 0.000000  
device85 [2015-9-15 13:59:56  ] 8800.000191 300.000191
device62 [2015-9-15 13:59:59  ] 85699.996948 99.998474 
device62 [2015-9-15 14:00:00  ] 85699.996948 0.000000  
device56 [2015-9-15 13:59:59  ] 100.000001 0.000000  
device56 [2015-9-15 14:00:00  ] 100.000001 0.000000  
device35 [2015-9-15 13:59:59  ] 12500.000000 100.000381
device35 [2015-9-15 14:00:00  ] 12500.000000 0.000000  
device85 [2015-9-15 13:59:59  ] 8800.000191 300.000191
device85 [2015-9-15 14:00:00  ] 8800.000191 0.000000  
device62 [2015-9-15 14:19:53  ] 85699.996948 0.000000  
device56 [2015-9-15 14:19:54  ] 100.000001 0.000000  
device35 [2015-9-15 14:19:55  ] 12500.000000 0.000000  
device85 [2015-9-15 14:19:55  ] 8800.000191 0.000000  
device62 [2015-9-15 14:29:53  ] 85699.996948 0.000000  
device56 [2015-9-15 14:29:54  ] 100.000001 0.000000  
device35 [2015-9-15 14:29:55  ] 12600.000381 100.000381
device85 [2015-9-15 14:29:57  ] 8899.999619 99.999428 
device62 [2015-9-15 14:39:53  ] 85800.003052 100.006104
device56 [2015-9-15 14:39:54  ] 100.000001 0.000000  
device35 [2015-9-15 14:39:55  ] 12699.999809 199.999809
device85 [2015-9-15 14:39:55  ] 8899.999619 99.999428 
device62 [2015-9-15 14:49:53  ] 85800.003052 100.006104
device56 [2015-9-15 14:49:53  ] 100.000001 0.000000  
device35 [2015-9-15 14:49:54  ] 12699.999809 199.999809
device85 [2015-9-15 14:49:55  ] 9000.000000 199.999809
device62 [2015-9-15 14:59:53  ] 85800.003052 100.006104
device56 [2015-9-15 14:59:54  ] 100.000001 0.000000  
device35 [2015-9-15 14:59:56  ] 12800.000191 300.000191
device85 [2015-9-15 14:59:56  ] 9000.000000 199.999809
device62 [2015-9-15 14:59:59  ] 85800.003052 100.006104
device62 [2015-9-15 15:00:00  ] 85800.003052 0.000000  
device56 [2015-9-15 14:59:59  ] 100.000001 0.000000  
device56 [2015-9-15 15:00:00  ] 100.000001 0.000000  
device35 [2015-9-15 14:59:59  ] 12800.000191 300.000191
device35 [2015-9-15 15:00:00  ] 12800.000191 0.000000  
device85 [2015-9-15 14:59:59  ] 9100.000381 300.000191
device85 [2015-9-15 15:00:00  ] 9100.000381 0.000000  
device62 [2015-9-15 15:19:53  ] 85900.001526 99.998474 
device56 [2015-9-15 15:19:53  ] 100.000001 0.000000  
device35 [2015-9-15 15:19:54  ] 12899.999619 99.999428 
device85 [2015-9-15 15:19:55  ] 9100.000381 0.000000  
device62 [2015-9-15 15:29:53  ] 85900.001526 99.998474 
device56 [2015-9-15 15:29:53  ] 100.000001 0.000000  
device35 [2015-9-15 15:29:54  ] 13000.000000 199.999809
device85 [2015-9-15 15:29:54  ] 9100.000381 0.000000  
device62 [2015-9-15 15:39:52  ] 85900.001526 99.998474 
device56 [2015-9-15 15:39:59  ] 100.000001 0.000000  
device62 [2015-9-15 15:40:0   ] 85900.000000 0.000000  
device56 [2015-9-15 15:40:0   ] 100.000000 0.000000  
device85 [2015-9-15 15:40:18  ] 9199.999809 99.999428 
device35 [2015-9-15 15:40:0   ] 13100.000000 0.000000  
device85 [2015-9-15 15:40:0   ] 9200.000000 0.000000  
device62 [2015-9-15 15:50:0   ] 85900.001526 0.000000  
device56 [2015-9-15 15:50:1   ] 100.000001 0.000000  
device35 [2015-9-15 15:50:1   ] 13199.999809 99.999428 
device85 [2015-9-15 15:50:2   ] 9199.999809 0.000000  
device62 [2015-9-15 15:59:59  ] 86000.000000 99.998474 
device62 [2015-9-15 16:00:00  ] 86000.000000 0.000000  
device56 [2015-9-15 16:0:1    ] 100.000001 0.000000  
device35 [2015-9-15 16:0:1    ] 13300.000191 199.999809
device85 [2015-9-15 16:0:2    ] 9300.000191 100.000381
